TN:
SF:script/DeployPio.s.sol
FN:11,DeployPio.run
FNDA:19,DeployPio.run
DA:13,19
DA:13,19
DA:13,19
DA:14,19
DA:14,19
DA:14,19
DA:15,19
DA:15,19
DA:15,19
DA:16,19
DA:16,19
DA:17,19
DA:17,19
DA:20,19
DA:20,19
DA:21,19
DA:21,19
DA:21,19
DA:22,19
DA:22,19
DA:22,19
DA:23,19
DA:23,19
DA:24,19
DA:24,19
DA:26,19
DA:26,19
FNF:1
FNH:1
LF:11
LH:11
BRF:0
BRH:0
end_of_record
TN:
SF:script/HelperConfig.s.sol
FN:31,HelperConfig.getSepoliaEthConfig
FNDA:0,HelperConfig.getSepoliaEthConfig
DA:32,0
DA:32,0
FN:41,HelperConfig.getOrCreateAnvilEthConfig
FNDA:0,HelperConfig.getOrCreateAnvilEthConfig
DA:42,0
DA:42,0
DA:42,0
BRDA:42,0,0,-
BRDA:42,0,1,-
DA:43,0
DA:43,0
DA:46,0
DA:46,0
DA:47,0
DA:47,0
DA:47,0
DA:48,0
DA:48,0
DA:48,0
DA:49,0
DA:49,0
DA:50,0
DA:50,0
DA:50,0
DA:51,0
DA:51,0
DA:51,0
DA:52,0
DA:52,0
DA:54,0
DA:54,0
DA:56,0
DA:56,0
DA:56,0
FNF:2
FNH:0
LF:12
LH:0
BRF:2
BRH:0
end_of_record
TN:
SF:src/PioEngineImpl.sol
FN:74,PioEngineImpl.depositCollateralAndMintPio
FNDA:9,PioEngineImpl.depositCollateralAndMintPio
DA:75,9
DA:75,9
DA:76,9
DA:76,9
FN:79,PioEngineImpl.redeemCollateralForPio
FNDA:0,PioEngineImpl.redeemCollateralForPio
FN:82,PioEngineImpl.redeemCollateral
FNDA:8,PioEngineImpl.redeemCollateral
DA:84,6
DA:84,6
FN:87,PioEngineImpl.burn
FNDA:0,PioEngineImpl.burn
FN:90,PioEngineImpl.liquidate
FNDA:0,PioEngineImpl.liquidate
FN:96,PioEngineImpl.depositCollateral
FNDA:11,PioEngineImpl.depositCollateral
DA:98,18
DA:98,18
DA:99,18
DA:99,18
DA:99,18
DA:100,18
DA:100,18
BRDA:100,0,0,1
BRDA:100,0,1,17
DA:101,1
DA:101,1
DA:103,17
DA:103,17
FN:106,PioEngineImpl.mintPio
FNDA:5,PioEngineImpl.mintPio
DA:107,13
DA:107,13
DA:108,13
DA:108,13
DA:109,12
DA:109,12
FN:115,PioEngineImpl.getAccountInformation
FNDA:2,PioEngineImpl.getAccountInformation
DA:116,26
DA:116,26
FN:119,PioEngineImpl.getAccountCollateralValue
FNDA:2,PioEngineImpl.getAccountCollateralValue
DA:120,28
DA:120,28
DA:120,82
DA:120,54
DA:121,54
DA:121,54
DA:122,54
DA:122,54
DA:123,54
DA:123,54
FN:127,PioEngineImpl.getUsdValue
FNDA:0,PioEngineImpl.getUsdValue
DA:128,54
DA:128,54
DA:128,54
DA:129,54
DA:129,54
DA:129,54
DA:132,54
DA:132,54
DA:132,54
FN:135,PioEngineImpl.getHealthFactor
FNDA:6,PioEngineImpl.getHealthFactor
DA:136,6
DA:136,6
DA:136,6
FN:142,PioEngineImpl._revertIfHealthFactorIsBroken
FNDA:18,PioEngineImpl._revertIfHealthFactorIsBroken
DA:143,18
DA:143,18
DA:143,18
DA:144,18
DA:144,18
BRDA:144,1,0,2
BRDA:144,1,1,16
DA:145,2
DA:145,2
FN:152,PioEngineImpl._healthFactor
FNDA:24,PioEngineImpl._healthFactor
DA:154,24
DA:154,24
DA:154,24
DA:155,24
DA:155,24
BRDA:155,2,0,2
BRDA:155,2,1,22
DA:155,2
DA:156,22
DA:156,22
DA:156,22
DA:157,22
DA:157,22
DA:157,22
FN:160,PioEngineImpl._redeemCollateral
FNDA:6,PioEngineImpl._redeemCollateral
DA:161,6
DA:161,6
FN:164,PioEngineImpl._redeemCollateral
FNDA:6,PioEngineImpl._redeemCollateral
DA:165,6
DA:165,6
BRDA:165,3,0,1
BRDA:165,3,1,5
DA:166,1
DA:166,1
DA:168,5
DA:168,5
DA:169,5
BRDA:169,4,0,5
BRDA:169,4,1,4
DA:170,5
DA:170,5
DA:172,4
DA:172,4
DA:172,4
DA:173,4
DA:173,4
BRDA:173,5,0,1
BRDA:173,5,1,3
DA:174,1
DA:174,1
DA:176,3
DA:176,3
FNF:15
FNH:11
LF:37
LH:37
BRF:12
BRH:12
end_of_record
TN:
SF:src/PioneerCoin.sol
FN:32,PioneerCoin.mint
FNDA:19,PioneerCoin.mint
DA:33,18
DA:33,18
FN:36,PioneerCoin.burn
FNDA:3,PioneerCoin.burn
DA:37,2
DA:37,2
DA:37,2
DA:38,2
DA:38,2
BRDA:38,0,0,1
BRDA:38,0,1,1
DA:39,1
DA:39,1
DA:41,1
DA:41,1
FNF:2
FNH:2
LF:5
LH:5
BRF:2
BRH:2
end_of_record
TN:
SF:src/libraries/OracleLib.sol
FN:16,OracleLib.stalePriceCheck
FNDA:0,OracleLib.stalePriceCheck
DA:17,0
DA:17,0
DA:17,0
DA:18,0
DA:18,0
DA:18,0
DA:19,0
DA:19,0
BRDA:19,0,0,-
BRDA:19,0,1,-
DA:20,0
DA:20,0
DA:22,0
DA:22,0
FNF:1
FNH:0
LF:5
LH:0
BRF:2
BRH:0
end_of_record
TN:
SF:test/mocks/ERC20MockTransferFail.sol
FN:7,ERC20MockTransferFail.approve
FNDA:0,ERC20MockTransferFail.approve
DA:8,0
DA:8,0
FN:11,ERC20MockTransferFail.transfer
FNDA:1,ERC20MockTransferFail.transfer
DA:12,0
DA:12,0
FN:15,ERC20MockTransferFail.transferFrom
FNDA:2,ERC20MockTransferFail.transferFrom
DA:16,2
DA:16,2
FNF:3
FNH:2
LF:3
LH:1
BRF:0
BRH:0
end_of_record
TN:
SF:test/mocks/ERC20MockTransferFromFail.sol
FN:8,ERC20MockTransferFromFail.approve
FNDA:0,ERC20MockTransferFromFail.approve
DA:9,0
DA:9,0
FN:12,ERC20MockTransferFromFail.transfer
FNDA:0,ERC20MockTransferFromFail.transfer
DA:13,0
DA:13,0
FN:16,ERC20MockTransferFromFail.transferFrom
FNDA:0,ERC20MockTransferFromFail.transferFrom
DA:17,0
DA:17,0
FNF:3
FNH:0
LF:3
LH:0
BRF:0
BRH:0
end_of_record
TN:
SF:test/mocks/MockV3Aggregator.sol
FN:29,MockV3Aggregator.updateAnswer
FNDA:0,MockV3Aggregator.updateAnswer
DA:30,0
DA:30,0
DA:31,0
DA:31,0
DA:32,0
DA:32,0
DA:33,0
DA:33,0
DA:34,0
DA:34,0
DA:35,0
DA:35,0
FN:38,MockV3Aggregator.updateRoundData
FNDA:0,MockV3Aggregator.updateRoundData
DA:39,0
DA:39,0
DA:40,0
DA:40,0
DA:41,0
DA:41,0
DA:42,0
DA:42,0
DA:43,0
DA:43,0
DA:44,0
DA:44,0
FN:47,MockV3Aggregator.getRoundData
FNDA:0,MockV3Aggregator.getRoundData
DA:52,0
DA:52,0
FN:55,MockV3Aggregator.latestRoundData
FNDA:54,MockV3Aggregator.latestRoundData
DA:60,54
DA:60,54
FN:69,MockV3Aggregator.description
FNDA:0,MockV3Aggregator.description
DA:70,0
DA:70,0
FNF:5
FNH:1
LF:15
LH:1
BRF:0
BRH:0
end_of_record
